04-17 09:44:16 com_github_MitjaNemec_Archive3DModels.action_archive_3d_models 220:Plugin executed on: 'win32'
04-17 09:44:16 com_github_MitjaNemec_Archive3DModels.action_archive_3d_models 221:Plugin executed with python version: '3.11.5 (main, Jan 19 2024, 08:13:45) [MSC v.1936 64 bit (AMD64)]'
04-17 09:44:16 com_github_MitjaNemec_Archive3DModels.action_archive_3d_models 222:KiCad build version: 8.0.1
04-17 09:44:16 com_github_MitjaNemec_Archive3DModels.action_archive_3d_models 223:Plugin version: 1.0.11

04-17 09:44:16 com_github_MitjaNemec_Archive3DModels.action_archive_3d_models 228:Screen sizes: [wx.Size(3440, 1440)]
04-17 09:44:16 com_github_MitjaNemec_Archive3DModels.action_archive_3d_models 235:Dialog size: wx.Size(213, 81)
04-17 09:44:16 com_github_MitjaNemec_Archive3DModels.action_archive_3d_models 237:Char size: 15
04-17 09:44:18 com_github_MitjaNemec_Archive3DModels.archive_3d_models 26:Starting to archive 3D models
04-17 09:44:18 com_github_MitjaNemec_Archive3DModels.archive_3d_models 47:Getting 3D models for footprint of: R17
04-17 09:44:18 com_github_MitjaNemec_Archive3DModels.archive_3d_models 58:Trying to copy: ${KICAD8_3DMODEL_DIR}/Resistor_SMD.3dshapes/R_0402_1005Metric.wrl
04-17 09:44:18 com_github_MitjaNemec_Archive3DModels.archive_3d_models 138:Remapping: ${KICAD8_3DMODEL_DIR}/Resistor_SMD.3dshapes/R_0402_1005Metric.wrl
04-17 09:44:18 com_github_MitjaNemec_Archive3DModels.archive_3d_models 47:Getting 3D models for footprint of: C31
04-17 09:44:18 com_github_MitjaNemec_Archive3DModels.archive_3d_models 58:Trying to copy: ${KICAD8_3DMODEL_DIR}/Capacitor_SMD.3dshapes/C_0402_1005Metric.wrl
04-17 09:44:18 com_github_MitjaNemec_Archive3DModels.archive_3d_models 138:Remapping: ${KICAD8_3DMODEL_DIR}/Capacitor_SMD.3dshapes/C_0402_1005Metric.wrl
04-17 09:44:18 com_github_MitjaNemec_Archive3DModels.archive_3d_models 47:Getting 3D models for footprint of: U5
04-17 09:44:18 com_github_MitjaNemec_Archive3DModels.archive_3d_models 58:Trying to copy: ${KICAD8_3DMODEL_DIR}/Package_SO.3dshapes/SOIC-8_3.9x4.9mm_P1.27mm.wrl
04-17 09:44:18 com_github_MitjaNemec_Archive3DModels.archive_3d_models 138:Remapping: ${KICAD8_3DMODEL_DIR}/Package_SO.3dshapes/SOIC-8_3.9x4.9mm_P1.27mm.wrl
04-17 09:44:18 com_github_MitjaNemec_Archive3DModels.archive_3d_models 47:Getting 3D models for footprint of: C16
04-17 09:44:18 com_github_MitjaNemec_Archive3DModels.archive_3d_models 58:Trying to copy: ${KICAD8_3DMODEL_DIR}/Capacitor_SMD.3dshapes/C_0402_1005Metric.wrl
04-17 09:44:18 com_github_MitjaNemec_Archive3DModels.archive_3d_models 138:Remapping: ${KICAD8_3DMODEL_DIR}/Capacitor_SMD.3dshapes/C_0402_1005Metric.wrl
04-17 09:44:18 com_github_MitjaNemec_Archive3DModels.archive_3d_models 47:Getting 3D models for footprint of: C41
04-17 09:44:18 com_github_MitjaNemec_Archive3DModels.archive_3d_models 58:Trying to copy: ${KICAD8_3DMODEL_DIR}/Capacitor_SMD.3dshapes/C_0402_1005Metric.wrl
04-17 09:44:18 com_github_MitjaNemec_Archive3DModels.archive_3d_models 138:Remapping: ${KICAD8_3DMODEL_DIR}/Capacitor_SMD.3dshapes/C_0402_1005Metric.wrl
04-17 09:44:18 com_github_MitjaNemec_Archive3DModels.archive_3d_models 47:Getting 3D models for footprint of: C28
04-17 09:44:18 com_github_MitjaNemec_Archive3DModels.archive_3d_models 58:Trying to copy: ${KICAD6_3DMODEL_DIR}/Capacitor_SMD.3dshapes/C_0603_1608Metric.wrl
04-17 09:44:18 com_github_MitjaNemec_Archive3DModels.archive_3d_models 73:Can not find model defined with enviroment variable:
${KICAD6_3DMODEL_DIR}/Capacitor_SMD.3dshapes/C_0603_1608Metric.wrl
04-17 09:44:18 com_github_MitjaNemec_Archive3DModels.archive_3d_models 134:Did not copy: ${KICAD6_3DMODEL_DIR}/Capacitor_SMD.3dshapes/C_0603_1608Metric.wrl
04-17 09:44:18 com_github_MitjaNemec_Archive3DModels.archive_3d_models 138:Remapping: ${KICAD6_3DMODEL_DIR}/Capacitor_SMD.3dshapes/C_0603_1608Metric.wrl
04-17 09:44:18 com_github_MitjaNemec_Archive3DModels.archive_3d_models 47:Getting 3D models for footprint of: J3
04-17 09:44:18 com_github_MitjaNemec_Archive3DModels.archive_3d_models 47:Getting 3D models for footprint of: C22
04-17 09:44:18 com_github_MitjaNemec_Archive3DModels.archive_3d_models 58:Trying to copy: ${KICAD8_3DMODEL_DIR}/Capacitor_SMD.3dshapes/C_0402_1005Metric.wrl
04-17 09:44:18 com_github_MitjaNemec_Archive3DModels.archive_3d_models 138:Remapping: ${KICAD8_3DMODEL_DIR}/Capacitor_SMD.3dshapes/C_0402_1005Metric.wrl
04-17 09:44:18 com_github_MitjaNemec_Archive3DModels.archive_3d_models 47:Getting 3D models for footprint of: C30
04-17 09:44:18 com_github_MitjaNemec_Archive3DModels.archive_3d_models 58:Trying to copy: ${KICAD8_3DMODEL_DIR}/Capacitor_SMD.3dshapes/C_0402_1005Metric.wrl
04-17 09:44:18 com_github_MitjaNemec_Archive3DModels.archive_3d_models 138:Remapping: ${KICAD8_3DMODEL_DIR}/Capacitor_SMD.3dshapes/C_0402_1005Metric.wrl
04-17 09:44:18 com_github_MitjaNemec_Archive3DModels.archive_3d_models 47:Getting 3D models for footprint of: C54
04-17 09:44:18 com_github_MitjaNemec_Archive3DModels.archive_3d_models 58:Trying to copy: ${KICAD8_3DMODEL_DIR}/Capacitor_SMD.3dshapes/C_0402_1005Metric.wrl
04-17 09:44:18 com_github_MitjaNemec_Archive3DModels.archive_3d_models 138:Remapping: ${KICAD8_3DMODEL_DIR}/Capacitor_SMD.3dshapes/C_0402_1005Metric.wrl
04-17 09:44:18 com_github_MitjaNemec_Archive3DModels.archive_3d_models 47:Getting 3D models for footprint of: C11
04-17 09:44:18 com_github_MitjaNemec_Archive3DModels.archive_3d_models 58:Trying to copy: ${KICAD8_3DMODEL_DIR}/Capacitor_SMD.3dshapes/C_0402_1005Metric.wrl
04-17 09:44:18 com_github_MitjaNemec_Archive3DModels.archive_3d_models 138:Remapping: ${KICAD8_3DMODEL_DIR}/Capacitor_SMD.3dshapes/C_0402_1005Metric.wrl
04-17 09:44:18 com_github_MitjaNemec_Archive3DModels.archive_3d_models 47:Getting 3D models for footprint of: G***
04-17 09:44:18 com_github_MitjaNemec_Archive3DModels.archive_3d_models 47:Getting 3D models for footprint of: C24
04-17 09:44:18 com_github_MitjaNemec_Archive3DModels.archive_3d_models 58:Trying to copy: ${KICAD8_3DMODEL_DIR}/Capacitor_SMD.3dshapes/C_0402_1005Metric.wrl
04-17 09:44:18 com_github_MitjaNemec_Archive3DModels.archive_3d_models 138:Remapping: ${KICAD8_3DMODEL_DIR}/Capacitor_SMD.3dshapes/C_0402_1005Metric.wrl
04-17 09:44:18 com_github_MitjaNemec_Archive3DModels.archive_3d_models 47:Getting 3D models for footprint of: D5
04-17 09:44:18 com_github_MitjaNemec_Archive3DModels.archive_3d_models 58:Trying to copy: ${KICAD8_3DMODEL_DIR}/LED_SMD.3dshapes/LED_0805_2012Metric.step
04-17 09:44:18 com_github_MitjaNemec_Archive3DModels.archive_3d_models 138:Remapping: ${KICAD8_3DMODEL_DIR}/LED_SMD.3dshapes/LED_0805_2012Metric.step
04-17 09:44:18 com_github_MitjaNemec_Archive3DModels.archive_3d_models 47:Getting 3D models for footprint of: C21
04-17 09:44:18 com_github_MitjaNemec_Archive3DModels.archive_3d_models 58:Trying to copy: ${KICAD8_3DMODEL_DIR}/Capacitor_SMD.3dshapes/C_0402_1005Metric.wrl
04-17 09:44:18 com_github_MitjaNemec_Archive3DModels.archive_3d_models 138:Remapping: ${KICAD8_3DMODEL_DIR}/Capacitor_SMD.3dshapes/C_0402_1005Metric.wrl
04-17 09:44:18 com_github_MitjaNemec_Archive3DModels.archive_3d_models 47:Getting 3D models for footprint of: C53
04-17 09:44:18 com_github_MitjaNemec_Archive3DModels.archive_3d_models 58:Trying to copy: ${KICAD8_3DMODEL_DIR}/Capacitor_SMD.3dshapes/C_0603_1608Metric.wrl
04-17 09:44:18 com_github_MitjaNemec_Archive3DModels.archive_3d_models 138:Remapping: ${KICAD8_3DMODEL_DIR}/Capacitor_SMD.3dshapes/C_0603_1608Metric.wrl
04-17 09:44:18 com_github_MitjaNemec_Archive3DModels.archive_3d_models 47:Getting 3D models for footprint of: C15
04-17 09:44:18 com_github_MitjaNemec_Archive3DModels.archive_3d_models 58:Trying to copy: ${KICAD8_3DMODEL_DIR}/Capacitor_SMD.3dshapes/C_0402_1005Metric.wrl
04-17 09:44:18 com_github_MitjaNemec_Archive3DModels.archive_3d_models 138:Remapping: ${KICAD8_3DMODEL_DIR}/Capacitor_SMD.3dshapes/C_0402_1005Metric.wrl
04-17 09:44:18 com_github_MitjaNemec_Archive3DModels.archive_3d_models 47:Getting 3D models for footprint of: C26
04-17 09:44:18 com_github_MitjaNemec_Archive3DModels.archive_3d_models 58:Trying to copy: ${KICAD8_3DMODEL_DIR}/Capacitor_SMD.3dshapes/C_0402_1005Metric.wrl
04-17 09:44:18 com_github_MitjaNemec_Archive3DModels.archive_3d_models 138:Remapping: ${KICAD8_3DMODEL_DIR}/Capacitor_SMD.3dshapes/C_0402_1005Metric.wrl
04-17 09:44:18 com_github_MitjaNemec_Archive3DModels.archive_3d_models 47:Getting 3D models for footprint of: C50
04-17 09:44:18 com_github_MitjaNemec_Archive3DModels.archive_3d_models 58:Trying to copy: ${KICAD8_3DMODEL_DIR}/Capacitor_SMD.3dshapes/C_0603_1608Metric.wrl
04-17 09:44:18 com_github_MitjaNemec_Archive3DModels.archive_3d_models 138:Remapping: ${KICAD8_3DMODEL_DIR}/Capacitor_SMD.3dshapes/C_0603_1608Metric.wrl
04-17 09:44:18 com_github_MitjaNemec_Archive3DModels.archive_3d_models 47:Getting 3D models for footprint of: D7
04-17 09:44:18 com_github_MitjaNemec_Archive3DModels.archive_3d_models 58:Trying to copy: ${KICAD8_3DMODEL_DIR}/LED_SMD.3dshapes/LED_0805_2012Metric.step
04-17 09:44:18 com_github_MitjaNemec_Archive3DModels.archive_3d_models 138:Remapping: ${KICAD8_3DMODEL_DIR}/LED_SMD.3dshapes/LED_0805_2012Metric.step
04-17 09:44:18 com_github_MitjaNemec_Archive3DModels.archive_3d_models 47:Getting 3D models for footprint of: J4
04-17 09:44:18 com_github_MitjaNemec_Archive3DModels.archive_3d_models 58:Trying to copy: ${KICAD8_3DMODEL_DIR}/Connector_PinHeader_1.00mm.3dshapes/PinHeader_2x06_P1.00mm_Vertical_SMD.wrl
04-17 09:44:18 com_github_MitjaNemec_Archive3DModels.archive_3d_models 138:Remapping: ${KICAD8_3DMODEL_DIR}/Connector_PinHeader_1.00mm.3dshapes/PinHeader_2x06_P1.00mm_Vertical_SMD.wrl
04-17 09:44:18 com_github_MitjaNemec_Archive3DModels.archive_3d_models 47:Getting 3D models for footprint of: D9
04-17 09:44:18 com_github_MitjaNemec_Archive3DModels.archive_3d_models 58:Trying to copy: ${KICAD8_3DMODEL_DIR}/LED_SMD.3dshapes/LED_0805_2012Metric.step
04-17 09:44:18 com_github_MitjaNemec_Archive3DModels.archive_3d_models 138:Remapping: ${KICAD8_3DMODEL_DIR}/LED_SMD.3dshapes/LED_0805_2012Metric.step
04-17 09:44:18 com_github_MitjaNemec_Archive3DModels.archive_3d_models 47:Getting 3D models for footprint of: R14
04-17 09:44:18 com_github_MitjaNemec_Archive3DModels.archive_3d_models 58:Trying to copy: ${KICAD8_3DMODEL_DIR}/Resistor_SMD.3dshapes/R_0402_1005Metric.wrl
04-17 09:44:18 com_github_MitjaNemec_Archive3DModels.archive_3d_models 138:Remapping: ${KICAD8_3DMODEL_DIR}/Resistor_SMD.3dshapes/R_0402_1005Metric.wrl
04-17 09:44:18 com_github_MitjaNemec_Archive3DModels.archive_3d_models 47:Getting 3D models for footprint of: R23
04-17 09:44:18 com_github_MitjaNemec_Archive3DModels.archive_3d_models 58:Trying to copy: ${KICAD8_3DMODEL_DIR}/Resistor_SMD.3dshapes/R_0402_1005Metric.wrl
04-17 09:44:18 com_github_MitjaNemec_Archive3DModels.archive_3d_models 138:Remapping: ${KICAD8_3DMODEL_DIR}/Resistor_SMD.3dshapes/R_0402_1005Metric.wrl
04-17 09:44:18 com_github_MitjaNemec_Archive3DModels.archive_3d_models 47:Getting 3D models for footprint of: J1
04-17 09:44:18 com_github_MitjaNemec_Archive3DModels.archive_3d_models 58:Trying to copy: ${MODEL_3D}/2171820001.stp
04-17 09:44:18 com_github_MitjaNemec_Archive3DModels.archive_3d_models 138:Remapping: ${MODEL_3D}/2171820001.stp
04-17 09:44:18 com_github_MitjaNemec_Archive3DModels.archive_3d_models 47:Getting 3D models for footprint of: C18
04-17 09:44:18 com_github_MitjaNemec_Archive3DModels.archive_3d_models 58:Trying to copy: ${KICAD8_3DMODEL_DIR}/Capacitor_SMD.3dshapes/C_0402_1005Metric.wrl
04-17 09:44:18 com_github_MitjaNemec_Archive3DModels.archive_3d_models 138:Remapping: ${KICAD8_3DMODEL_DIR}/Capacitor_SMD.3dshapes/C_0402_1005Metric.wrl
04-17 09:44:18 com_github_MitjaNemec_Archive3DModels.archive_3d_models 47:Getting 3D models for footprint of: U1
04-17 09:44:18 com_github_MitjaNemec_Archive3DModels.archive_3d_models 58:Trying to copy: ${KICAD8_3DMODEL_DIR}/Package_QFP.3dshapes/TQFP-144_20x20mm_P0.5mm.wrl
04-17 09:44:18 com_github_MitjaNemec_Archive3DModels.archive_3d_models 138:Remapping: ${KICAD8_3DMODEL_DIR}/Package_QFP.3dshapes/TQFP-144_20x20mm_P0.5mm.wrl
04-17 09:44:18 com_github_MitjaNemec_Archive3DModels.archive_3d_models 47:Getting 3D models for footprint of: G***
04-17 09:44:18 com_github_MitjaNemec_Archive3DModels.archive_3d_models 47:Getting 3D models for footprint of: C2
04-17 09:44:18 com_github_MitjaNemec_Archive3DModels.archive_3d_models 58:Trying to copy: ${KICAD8_3DMODEL_DIR}/Capacitor_SMD.3dshapes/C_0402_1005Metric.wrl
04-17 09:44:18 com_github_MitjaNemec_Archive3DModels.archive_3d_models 138:Remapping: ${KICAD8_3DMODEL_DIR}/Capacitor_SMD.3dshapes/C_0402_1005Metric.wrl
04-17 09:44:18 com_github_MitjaNemec_Archive3DModels.archive_3d_models 47:Getting 3D models for footprint of: C9
04-17 09:44:18 com_github_MitjaNemec_Archive3DModels.archive_3d_models 58:Trying to copy: ${KICAD8_3DMODEL_DIR}/Capacitor_SMD.3dshapes/C_0402_1005Metric.wrl
04-17 09:44:18 com_github_MitjaNemec_Archive3DModels.archive_3d_models 138:Remapping: ${KICAD8_3DMODEL_DIR}/Capacitor_SMD.3dshapes/C_0402_1005Metric.wrl
04-17 09:44:18 com_github_MitjaNemec_Archive3DModels.archive_3d_models 47:Getting 3D models for footprint of: U8
04-17 09:44:18 com_github_MitjaNemec_Archive3DModels.archive_3d_models 58:Trying to copy: ${KICAD8_3DMODEL_DIR}/Oscillator.3dshapes/Oscillator_SMD_IDT_JS6-6_5.0x3.2mm_P1.27mm.step
04-17 09:44:18 com_github_MitjaNemec_Archive3DModels.archive_3d_models 138:Remapping: ${KICAD8_3DMODEL_DIR}/Oscillator.3dshapes/Oscillator_SMD_IDT_JS6-6_5.0x3.2mm_P1.27mm.step
04-17 09:44:18 com_github_MitjaNemec_Archive3DModels.archive_3d_models 47:Getting 3D models for footprint of: R9
04-17 09:44:18 com_github_MitjaNemec_Archive3DModels.archive_3d_models 58:Trying to copy: ${KICAD8_3DMODEL_DIR}/Resistor_SMD.3dshapes/R_0402_1005Metric.wrl
04-17 09:44:18 com_github_MitjaNemec_Archive3DModels.archive_3d_models 138:Remapping: ${KICAD8_3DMODEL_DIR}/Resistor_SMD.3dshapes/R_0402_1005Metric.wrl
04-17 09:44:18 com_github_MitjaNemec_Archive3DModels.archive_3d_models 47:Getting 3D models for footprint of: U6
04-17 09:44:18 com_github_MitjaNemec_Archive3DModels.archive_3d_models 58:Trying to copy: ${KICAD8_3DMODEL_DIR}/Package_TO_SOT_SMD.3dshapes/SOT-23-6.wrl
04-17 09:44:18 com_github_MitjaNemec_Archive3DModels.archive_3d_models 138:Remapping: ${KICAD8_3DMODEL_DIR}/Package_TO_SOT_SMD.3dshapes/SOT-23-6.wrl
04-17 09:44:18 com_github_MitjaNemec_Archive3DModels.archive_3d_models 47:Getting 3D models for footprint of: L3
04-17 09:44:18 com_github_MitjaNemec_Archive3DModels.archive_3d_models 58:Trying to copy: ${MODEL_3D}/VLCF4020T-2R2N1R7.step
04-17 09:44:18 com_github_MitjaNemec_Archive3DModels.archive_3d_models 138:Remapping: ${MODEL_3D}/VLCF4020T-2R2N1R7.step
04-17 09:44:18 com_github_MitjaNemec_Archive3DModels.archive_3d_models 47:Getting 3D models for footprint of: L1
04-17 09:44:18 com_github_MitjaNemec_Archive3DModels.archive_3d_models 58:Trying to copy: ${MODEL_3D}/VLCF4020T-2R2N1R7.step
04-17 09:44:19 com_github_MitjaNemec_Archive3DModels.archive_3d_models 138:Remapping: ${MODEL_3D}/VLCF4020T-2R2N1R7.step
04-17 09:44:19 com_github_MitjaNemec_Archive3DModels.archive_3d_models 47:Getting 3D models for footprint of: R15
04-17 09:44:19 com_github_MitjaNemec_Archive3DModels.archive_3d_models 58:Trying to copy: ${KICAD8_3DMODEL_DIR}/Resistor_SMD.3dshapes/R_0402_1005Metric.wrl
04-17 09:44:19 com_github_MitjaNemec_Archive3DModels.archive_3d_models 138:Remapping: ${KICAD8_3DMODEL_DIR}/Resistor_SMD.3dshapes/R_0402_1005Metric.wrl
04-17 09:44:19 com_github_MitjaNemec_Archive3DModels.archive_3d_models 47:Getting 3D models for footprint of: SW3
04-17 09:44:19 com_github_MitjaNemec_Archive3DModels.archive_3d_models 58:Trying to copy: ${MODEL_3D}/PTS636SM25JSMTRLFS.step
04-17 09:44:19 com_github_MitjaNemec_Archive3DModels.archive_3d_models 138:Remapping: ${MODEL_3D}/PTS636SM25JSMTRLFS.step
04-17 09:44:19 com_github_MitjaNemec_Archive3DModels.archive_3d_models 47:Getting 3D models for footprint of: R7
04-17 09:44:19 com_github_MitjaNemec_Archive3DModels.archive_3d_models 58:Trying to copy: ${KICAD8_3DMODEL_DIR}/Resistor_SMD.3dshapes/R_0402_1005Metric.wrl
04-17 09:44:19 com_github_MitjaNemec_Archive3DModels.archive_3d_models 138:Remapping: ${KICAD8_3DMODEL_DIR}/Resistor_SMD.3dshapes/R_0402_1005Metric.wrl
04-17 09:44:19 com_github_MitjaNemec_Archive3DModels.archive_3d_models 47:Getting 3D models for footprint of: D8
04-17 09:44:19 com_github_MitjaNemec_Archive3DModels.archive_3d_models 58:Trying to copy: ${KICAD8_3DMODEL_DIR}/LED_SMD.3dshapes/LED_0805_2012Metric.step
04-17 09:44:19 com_github_MitjaNemec_Archive3DModels.archive_3d_models 138:Remapping: ${KICAD8_3DMODEL_DIR}/LED_SMD.3dshapes/LED_0805_2012Metric.step
04-17 09:44:19 com_github_MitjaNemec_Archive3DModels.archive_3d_models 47:Getting 3D models for footprint of: C6
04-17 09:44:19 com_github_MitjaNemec_Archive3DModels.archive_3d_models 58:Trying to copy: ${KICAD8_3DMODEL_DIR}/Capacitor_SMD.3dshapes/C_0402_1005Metric.wrl
04-17 09:44:19 com_github_MitjaNemec_Archive3DModels.archive_3d_models 138:Remapping: ${KICAD8_3DMODEL_DIR}/Capacitor_SMD.3dshapes/C_0402_1005Metric.wrl
04-17 09:44:19 com_github_MitjaNemec_Archive3DModels.archive_3d_models 47:Getting 3D models for footprint of: C46
04-17 09:44:19 com_github_MitjaNemec_Archive3DModels.archive_3d_models 58:Trying to copy: ${KICAD8_3DMODEL_DIR}/Capacitor_SMD.3dshapes/C_0603_1608Metric.wrl
04-17 09:44:19 com_github_MitjaNemec_Archive3DModels.archive_3d_models 138:Remapping: ${KICAD8_3DMODEL_DIR}/Capacitor_SMD.3dshapes/C_0603_1608Metric.wrl
04-17 09:44:19 com_github_MitjaNemec_Archive3DModels.archive_3d_models 47:Getting 3D models for footprint of: C47
04-17 09:44:19 com_github_MitjaNemec_Archive3DModels.archive_3d_models 58:Trying to copy: ${KICAD8_3DMODEL_DIR}/Capacitor_SMD.3dshapes/C_0603_1608Metric.wrl
04-17 09:44:19 com_github_MitjaNemec_Archive3DModels.archive_3d_models 138:Remapping: ${KICAD8_3DMODEL_DIR}/Capacitor_SMD.3dshapes/C_0603_1608Metric.wrl
04-17 09:44:19 com_github_MitjaNemec_Archive3DModels.archive_3d_models 47:Getting 3D models for footprint of: D1
04-17 09:44:19 com_github_MitjaNemec_Archive3DModels.archive_3d_models 58:Trying to copy: ${KICAD8_3DMODEL_DIR}/LED_SMD.3dshapes/LED_0805_2012Metric.step
04-17 09:44:19 com_github_MitjaNemec_Archive3DModels.archive_3d_models 138:Remapping: ${KICAD8_3DMODEL_DIR}/LED_SMD.3dshapes/LED_0805_2012Metric.step
04-17 09:44:19 com_github_MitjaNemec_Archive3DModels.archive_3d_models 47:Getting 3D models for footprint of: R12
04-17 09:44:19 com_github_MitjaNemec_Archive3DModels.archive_3d_models 58:Trying to copy: ${KICAD6_3DMODEL_DIR}/Resistor_SMD.3dshapes/R_0603_1608Metric.wrl
04-17 09:44:19 com_github_MitjaNemec_Archive3DModels.archive_3d_models 73:Can not find model defined with enviroment variable:
${KICAD6_3DMODEL_DIR}/Resistor_SMD.3dshapes/R_0603_1608Metric.wrl
04-17 09:44:19 com_github_MitjaNemec_Archive3DModels.archive_3d_models 134:Did not copy: ${KICAD6_3DMODEL_DIR}/Resistor_SMD.3dshapes/R_0603_1608Metric.wrl
04-17 09:44:19 com_github_MitjaNemec_Archive3DModels.archive_3d_models 138:Remapping: ${KICAD6_3DMODEL_DIR}/Resistor_SMD.3dshapes/R_0603_1608Metric.wrl
04-17 09:44:19 com_github_MitjaNemec_Archive3DModels.archive_3d_models 47:Getting 3D models for footprint of: C10
04-17 09:44:19 com_github_MitjaNemec_Archive3DModels.archive_3d_models 58:Trying to copy: ${KICAD8_3DMODEL_DIR}/Capacitor_SMD.3dshapes/C_0402_1005Metric.wrl
04-17 09:44:19 com_github_MitjaNemec_Archive3DModels.archive_3d_models 138:Remapping: ${KICAD8_3DMODEL_DIR}/Capacitor_SMD.3dshapes/C_0402_1005Metric.wrl
04-17 09:44:19 com_github_MitjaNemec_Archive3DModels.archive_3d_models 47:Getting 3D models for footprint of: C35
04-17 09:44:19 com_github_MitjaNemec_Archive3DModels.archive_3d_models 58:Trying to copy: ${KICAD8_3DMODEL_DIR}/Capacitor_SMD.3dshapes/C_0402_1005Metric.wrl
04-17 09:44:19 com_github_MitjaNemec_Archive3DModels.archive_3d_models 138:Remapping: ${KICAD8_3DMODEL_DIR}/Capacitor_SMD.3dshapes/C_0402_1005Metric.wrl
04-17 09:44:19 com_github_MitjaNemec_Archive3DModels.archive_3d_models 47:Getting 3D models for footprint of: U3
04-17 09:44:19 com_github_MitjaNemec_Archive3DModels.archive_3d_models 58:Trying to copy: ${MODEL_3D}/W25Q16JVUXIQ_TR.stp
04-17 09:44:19 com_github_MitjaNemec_Archive3DModels.archive_3d_models 138:Remapping: ${MODEL_3D}/W25Q16JVUXIQ_TR.stp
04-17 09:44:19 com_github_MitjaNemec_Archive3DModels.archive_3d_models 47:Getting 3D models for footprint of: C36
04-17 09:44:19 com_github_MitjaNemec_Archive3DModels.archive_3d_models 58:Trying to copy: ${KICAD8_3DMODEL_DIR}/Capacitor_SMD.3dshapes/C_0402_1005Metric.wrl
04-17 09:44:19 com_github_MitjaNemec_Archive3DModels.archive_3d_models 138:Remapping: ${KICAD8_3DMODEL_DIR}/Capacitor_SMD.3dshapes/C_0402_1005Metric.wrl
04-17 09:44:19 com_github_MitjaNemec_Archive3DModels.archive_3d_models 47:Getting 3D models for footprint of: R2
04-17 09:44:19 com_github_MitjaNemec_Archive3DModels.archive_3d_models 58:Trying to copy: ${KICAD8_3DMODEL_DIR}/Resistor_SMD.3dshapes/R_0402_1005Metric.wrl
04-17 09:44:19 com_github_MitjaNemec_Archive3DModels.archive_3d_models 138:Remapping: ${KICAD8_3DMODEL_DIR}/Resistor_SMD.3dshapes/R_0402_1005Metric.wrl
04-17 09:44:19 com_github_MitjaNemec_Archive3DModels.archive_3d_models 47:Getting 3D models for footprint of: C45
04-17 09:44:19 com_github_MitjaNemec_Archive3DModels.archive_3d_models 58:Trying to copy: ${KICAD8_3DMODEL_DIR}/Capacitor_SMD.3dshapes/C_0603_1608Metric.wrl
04-17 09:44:19 com_github_MitjaNemec_Archive3DModels.archive_3d_models 138:Remapping: ${KICAD8_3DMODEL_DIR}/Capacitor_SMD.3dshapes/C_0603_1608Metric.wrl
04-17 09:44:19 com_github_MitjaNemec_Archive3DModels.archive_3d_models 47:Getting 3D models for footprint of: C25
04-17 09:44:19 com_github_MitjaNemec_Archive3DModels.archive_3d_models 58:Trying to copy: ${KICAD8_3DMODEL_DIR}/Capacitor_SMD.3dshapes/C_0402_1005Metric.wrl
04-17 09:44:19 com_github_MitjaNemec_Archive3DModels.archive_3d_models 138:Remapping: ${KICAD8_3DMODEL_DIR}/Capacitor_SMD.3dshapes/C_0402_1005Metric.wrl
04-17 09:44:19 com_github_MitjaNemec_Archive3DModels.archive_3d_models 47:Getting 3D models for footprint of: JP8
04-17 09:44:19 com_github_MitjaNemec_Archive3DModels.archive_3d_models 47:Getting 3D models for footprint of: C12
04-17 09:44:19 com_github_MitjaNemec_Archive3DModels.archive_3d_models 58:Trying to copy: ${KICAD8_3DMODEL_DIR}/Capacitor_SMD.3dshapes/C_0402_1005Metric.wrl
04-17 09:44:19 com_github_MitjaNemec_Archive3DModels.archive_3d_models 138:Remapping: ${KICAD8_3DMODEL_DIR}/Capacitor_SMD.3dshapes/C_0402_1005Metric.wrl
04-17 09:44:19 com_github_MitjaNemec_Archive3DModels.archive_3d_models 47:Getting 3D models for footprint of: C34
04-17 09:44:19 com_github_MitjaNemec_Archive3DModels.archive_3d_models 58:Trying to copy: ${KICAD8_3DMODEL_DIR}/Capacitor_SMD.3dshapes/C_0402_1005Metric.wrl
04-17 09:44:19 com_github_MitjaNemec_Archive3DModels.archive_3d_models 138:Remapping: ${KICAD8_3DMODEL_DIR}/Capacitor_SMD.3dshapes/C_0402_1005Metric.wrl
04-17 09:44:19 com_github_MitjaNemec_Archive3DModels.archive_3d_models 47:Getting 3D models for footprint of: R22
04-17 09:44:19 com_github_MitjaNemec_Archive3DModels.archive_3d_models 58:Trying to copy: ${KICAD8_3DMODEL_DIR}/Resistor_SMD.3dshapes/R_0402_1005Metric.wrl
04-17 09:44:19 com_github_MitjaNemec_Archive3DModels.archive_3d_models 138:Remapping: ${KICAD8_3DMODEL_DIR}/Resistor_SMD.3dshapes/R_0402_1005Metric.wrl
04-17 09:44:19 com_github_MitjaNemec_Archive3DModels.archive_3d_models 47:Getting 3D models for footprint of: R19
04-17 09:44:19 com_github_MitjaNemec_Archive3DModels.archive_3d_models 58:Trying to copy: ${KICAD8_3DMODEL_DIR}/Resistor_SMD.3dshapes/R_0402_1005Metric.wrl
04-17 09:44:19 com_github_MitjaNemec_Archive3DModels.archive_3d_models 138:Remapping: ${KICAD8_3DMODEL_DIR}/Resistor_SMD.3dshapes/R_0402_1005Metric.wrl
04-17 09:44:19 com_github_MitjaNemec_Archive3DModels.archive_3d_models 47:Getting 3D models for footprint of: JP6
04-17 09:44:19 com_github_MitjaNemec_Archive3DModels.archive_3d_models 47:Getting 3D models for footprint of: RN1
04-17 09:44:19 com_github_MitjaNemec_Archive3DModels.archive_3d_models 58:Trying to copy: ${MODEL_3D}/C_ARRAY_EXB28V_PAN.step
04-17 09:44:19 com_github_MitjaNemec_Archive3DModels.archive_3d_models 138:Remapping: ${MODEL_3D}/C_ARRAY_EXB28V_PAN.step
04-17 09:44:19 com_github_MitjaNemec_Archive3DModels.archive_3d_models 47:Getting 3D models for footprint of: Y1
04-17 09:44:19 com_github_MitjaNemec_Archive3DModels.archive_3d_models 58:Trying to copy: ${MODEL_3D}/ECS-120-8-36-CKM-TR3.stp
04-17 09:44:19 com_github_MitjaNemec_Archive3DModels.archive_3d_models 138:Remapping: ${MODEL_3D}/ECS-120-8-36-CKM-TR3.stp
04-17 09:44:19 com_github_MitjaNemec_Archive3DModels.archive_3d_models 47:Getting 3D models for footprint of: C51
04-17 09:44:19 com_github_MitjaNemec_Archive3DModels.archive_3d_models 58:Trying to copy: ${KICAD8_3DMODEL_DIR}/Capacitor_SMD.3dshapes/C_0603_1608Metric.wrl
04-17 09:44:19 com_github_MitjaNemec_Archive3DModels.archive_3d_models 138:Remapping: ${KICAD8_3DMODEL_DIR}/Capacitor_SMD.3dshapes/C_0603_1608Metric.wrl
04-17 09:44:19 com_github_MitjaNemec_Archive3DModels.archive_3d_models 47:Getting 3D models for footprint of: L2
04-17 09:44:19 com_github_MitjaNemec_Archive3DModels.archive_3d_models 58:Trying to copy: ${MODEL_3D}/VLCF4020T-2R2N1R7.step
04-17 09:44:19 com_github_MitjaNemec_Archive3DModels.archive_3d_models 138:Remapping: ${MODEL_3D}/VLCF4020T-2R2N1R7.step
04-17 09:44:19 com_github_MitjaNemec_Archive3DModels.archive_3d_models 47:Getting 3D models for footprint of: C5
04-17 09:44:19 com_github_MitjaNemec_Archive3DModels.archive_3d_models 58:Trying to copy: ${KICAD8_3DMODEL_DIR}/Capacitor_SMD.3dshapes/C_0402_1005Metric.wrl
04-17 09:44:19 com_github_MitjaNemec_Archive3DModels.archive_3d_models 138:Remapping: ${KICAD8_3DMODEL_DIR}/Capacitor_SMD.3dshapes/C_0402_1005Metric.wrl
04-17 09:44:19 com_github_MitjaNemec_Archive3DModels.archive_3d_models 47:Getting 3D models for footprint of: C3
04-17 09:44:19 com_github_MitjaNemec_Archive3DModels.archive_3d_models 58:Trying to copy: ${KICAD8_3DMODEL_DIR}/Capacitor_SMD.3dshapes/C_0402_1005Metric.wrl
04-17 09:44:19 com_github_MitjaNemec_Archive3DModels.archive_3d_models 138:Remapping: ${KICAD8_3DMODEL_DIR}/Capacitor_SMD.3dshapes/C_0402_1005Metric.wrl
04-17 09:44:19 com_github_MitjaNemec_Archive3DModels.archive_3d_models 47:Getting 3D models for footprint of: C48
04-17 09:44:19 com_github_MitjaNemec_Archive3DModels.archive_3d_models 58:Trying to copy: ${KICAD8_3DMODEL_DIR}/Capacitor_SMD.3dshapes/C_0603_1608Metric.wrl
04-17 09:44:19 com_github_MitjaNemec_Archive3DModels.archive_3d_models 138:Remapping: ${KICAD8_3DMODEL_DIR}/Capacitor_SMD.3dshapes/C_0603_1608Metric.wrl
04-17 09:44:19 com_github_MitjaNemec_Archive3DModels.archive_3d_models 47:Getting 3D models for footprint of: R1
04-17 09:44:19 com_github_MitjaNemec_Archive3DModels.archive_3d_models 58:Trying to copy: ${KICAD8_3DMODEL_DIR}/Resistor_SMD.3dshapes/R_0402_1005Metric.wrl
04-17 09:44:19 com_github_MitjaNemec_Archive3DModels.archive_3d_models 138:Remapping: ${KICAD8_3DMODEL_DIR}/Resistor_SMD.3dshapes/R_0402_1005Metric.wrl
04-17 09:44:19 com_github_MitjaNemec_Archive3DModels.archive_3d_models 47:Getting 3D models for footprint of: U2
04-17 09:44:19 com_github_MitjaNemec_Archive3DModels.archive_3d_models 58:Trying to copy: ${KICAD8_3DMODEL_DIR}/Package_SO.3dshapes/SOIC-8_5.275x5.275mm_P1.27mm.wrl
04-17 09:44:19 com_github_MitjaNemec_Archive3DModels.archive_3d_models 138:Remapping: ${KICAD8_3DMODEL_DIR}/Package_SO.3dshapes/SOIC-8_5.275x5.275mm_P1.27mm.wrl
04-17 09:44:19 com_github_MitjaNemec_Archive3DModels.archive_3d_models 47:Getting 3D models for footprint of: SW2
04-17 09:44:19 com_github_MitjaNemec_Archive3DModels.archive_3d_models 58:Trying to copy: ${MODEL_3D}/PTS636SM25JSMTRLFS.step
04-17 09:44:19 com_github_MitjaNemec_Archive3DModels.archive_3d_models 138:Remapping: ${MODEL_3D}/PTS636SM25JSMTRLFS.step
04-17 09:44:19 com_github_MitjaNemec_Archive3DModels.archive_3d_models 47:Getting 3D models for footprint of: C20
04-17 09:44:19 com_github_MitjaNemec_Archive3DModels.archive_3d_models 58:Trying to copy: ${KICAD8_3DMODEL_DIR}/Capacitor_SMD.3dshapes/C_0402_1005Metric.wrl
04-17 09:44:19 com_github_MitjaNemec_Archive3DModels.archive_3d_models 138:Remapping: ${KICAD8_3DMODEL_DIR}/Capacitor_SMD.3dshapes/C_0402_1005Metric.wrl
04-17 09:44:19 com_github_MitjaNemec_Archive3DModels.archive_3d_models 47:Getting 3D models for footprint of: SW1
04-17 09:44:19 com_github_MitjaNemec_Archive3DModels.archive_3d_models 58:Trying to copy: ${MODEL_3D}/PTS636SM25JSMTRLFS.step
04-17 09:44:19 com_github_MitjaNemec_Archive3DModels.archive_3d_models 138:Remapping: ${MODEL_3D}/PTS636SM25JSMTRLFS.step
04-17 09:44:19 com_github_MitjaNemec_Archive3DModels.archive_3d_models 47:Getting 3D models for footprint of: G***
04-17 09:44:19 com_github_MitjaNemec_Archive3DModels.archive_3d_models 47:Getting 3D models for footprint of: R6
04-17 09:44:19 com_github_MitjaNemec_Archive3DModels.archive_3d_models 58:Trying to copy: ${KICAD8_3DMODEL_DIR}/Resistor_SMD.3dshapes/R_0402_1005Metric.wrl
04-17 09:44:19 com_github_MitjaNemec_Archive3DModels.archive_3d_models 138:Remapping: ${KICAD8_3DMODEL_DIR}/Resistor_SMD.3dshapes/R_0402_1005Metric.wrl
04-17 09:44:19 com_github_MitjaNemec_Archive3DModels.archive_3d_models 47:Getting 3D models for footprint of: C52
04-17 09:44:19 com_github_MitjaNemec_Archive3DModels.archive_3d_models 58:Trying to copy: ${KICAD8_3DMODEL_DIR}/Capacitor_SMD.3dshapes/C_0603_1608Metric.wrl
04-17 09:44:19 com_github_MitjaNemec_Archive3DModels.archive_3d_models 138:Remapping: ${KICAD8_3DMODEL_DIR}/Capacitor_SMD.3dshapes/C_0603_1608Metric.wrl
04-17 09:44:19 com_github_MitjaNemec_Archive3DModels.archive_3d_models 47:Getting 3D models for footprint of: D10
04-17 09:44:19 com_github_MitjaNemec_Archive3DModels.archive_3d_models 58:Trying to copy: ${KICAD8_3DMODEL_DIR}/Diode_SMD.3dshapes/D_SOD-323.wrl
04-17 09:44:19 com_github_MitjaNemec_Archive3DModels.archive_3d_models 138:Remapping: ${KICAD8_3DMODEL_DIR}/Diode_SMD.3dshapes/D_SOD-323.wrl
04-17 09:44:19 com_github_MitjaNemec_Archive3DModels.archive_3d_models 47:Getting 3D models for footprint of: J2
04-17 09:44:19 com_github_MitjaNemec_Archive3DModels.archive_3d_models 58:Trying to copy: ${MODEL_3D}/476591102.stp
04-17 09:44:19 com_github_MitjaNemec_Archive3DModels.archive_3d_models 138:Remapping: ${MODEL_3D}/476591102.stp
04-17 09:44:19 com_github_MitjaNemec_Archive3DModels.archive_3d_models 47:Getting 3D models for footprint of: C13
04-17 09:44:19 com_github_MitjaNemec_Archive3DModels.archive_3d_models 58:Trying to copy: ${KICAD8_3DMODEL_DIR}/Capacitor_SMD.3dshapes/C_0402_1005Metric.wrl
04-17 09:44:19 com_github_MitjaNemec_Archive3DModels.archive_3d_models 138:Remapping: ${KICAD8_3DMODEL_DIR}/Capacitor_SMD.3dshapes/C_0402_1005Metric.wrl
04-17 09:44:19 com_github_MitjaNemec_Archive3DModels.archive_3d_models 47:Getting 3D models for footprint of: R5
04-17 09:44:19 com_github_MitjaNemec_Archive3DModels.archive_3d_models 58:Trying to copy: ${KICAD8_3DMODEL_DIR}/Resistor_SMD.3dshapes/R_0402_1005Metric.wrl
04-17 09:44:19 com_github_MitjaNemec_Archive3DModels.archive_3d_models 138:Remapping: ${KICAD8_3DMODEL_DIR}/Resistor_SMD.3dshapes/R_0402_1005Metric.wrl
04-17 09:44:19 com_github_MitjaNemec_Archive3DModels.archive_3d_models 47:Getting 3D models for footprint of: R20
04-17 09:44:19 com_github_MitjaNemec_Archive3DModels.archive_3d_models 58:Trying to copy: ${KICAD8_3DMODEL_DIR}/Resistor_SMD.3dshapes/R_0402_1005Metric.wrl
04-17 09:44:19 com_github_MitjaNemec_Archive3DModels.archive_3d_models 138:Remapping: ${KICAD8_3DMODEL_DIR}/Resistor_SMD.3dshapes/R_0402_1005Metric.wrl
04-17 09:44:19 com_github_MitjaNemec_Archive3DModels.archive_3d_models 47:Getting 3D models for footprint of: DS1
04-17 09:44:19 com_github_MitjaNemec_Archive3DModels.archive_3d_models 58:Trying to copy: ${MODEL_3D}/FFC2B35-40-G_REVA2.step
04-17 09:44:19 com_github_MitjaNemec_Archive3DModels.archive_3d_models 138:Remapping: ${MODEL_3D}/FFC2B35-40-G_REVA2.step
04-17 09:44:19 com_github_MitjaNemec_Archive3DModels.archive_3d_models 58:Trying to copy: ${KIPRJMOD}/packages3D/FFC2B35-40-G_REVA2.step
04-17 09:44:19 com_github_MitjaNemec_Archive3DModels.archive_3d_models 138:Remapping: ${KIPRJMOD}/packages3D/FFC2B35-40-G_REVA2.step
04-17 09:44:19 com_github_MitjaNemec_Archive3DModels.archive_3d_models 47:Getting 3D models for footprint of: C17
04-17 09:44:19 com_github_MitjaNemec_Archive3DModels.archive_3d_models 58:Trying to copy: ${KICAD8_3DMODEL_DIR}/Capacitor_SMD.3dshapes/C_0402_1005Metric.wrl
04-17 09:44:19 com_github_MitjaNemec_Archive3DModels.archive_3d_models 138:Remapping: ${KICAD8_3DMODEL_DIR}/Capacitor_SMD.3dshapes/C_0402_1005Metric.wrl
04-17 09:44:19 com_github_MitjaNemec_Archive3DModels.archive_3d_models 47:Getting 3D models for footprint of: R10
04-17 09:44:19 com_github_MitjaNemec_Archive3DModels.archive_3d_models 58:Trying to copy: ${KICAD8_3DMODEL_DIR}/Resistor_SMD.3dshapes/R_0402_1005Metric.wrl
04-17 09:44:19 com_github_MitjaNemec_Archive3DModels.archive_3d_models 138:Remapping: ${KICAD8_3DMODEL_DIR}/Resistor_SMD.3dshapes/R_0402_1005Metric.wrl
04-17 09:44:19 com_github_MitjaNemec_Archive3DModels.archive_3d_models 47:Getting 3D models for footprint of: D6
04-17 09:44:19 com_github_MitjaNemec_Archive3DModels.archive_3d_models 58:Trying to copy: ${KICAD8_3DMODEL_DIR}/LED_SMD.3dshapes/LED_0805_2012Metric.step
04-17 09:44:20 com_github_MitjaNemec_Archive3DModels.archive_3d_models 138:Remapping: ${KICAD8_3DMODEL_DIR}/LED_SMD.3dshapes/LED_0805_2012Metric.step
04-17 09:44:20 com_github_MitjaNemec_Archive3DModels.archive_3d_models 47:Getting 3D models for footprint of: U7
04-17 09:44:20 com_github_MitjaNemec_Archive3DModels.archive_3d_models 58:Trying to copy: ${KICAD8_3DMODEL_DIR}/Package_DFN_QFN.3dshapes/QFN-32-1EP_5x5mm_P0.5mm_EP3.3x3.3mm.step
04-17 09:44:20 com_github_MitjaNemec_Archive3DModels.archive_3d_models 138:Remapping: ${KICAD8_3DMODEL_DIR}/Package_DFN_QFN.3dshapes/QFN-32-1EP_5x5mm_P0.5mm_EP3.3x3.3mm.step
04-17 09:44:20 com_github_MitjaNemec_Archive3DModels.archive_3d_models 47:Getting 3D models for footprint of: C23
04-17 09:44:20 com_github_MitjaNemec_Archive3DModels.archive_3d_models 58:Trying to copy: ${KICAD8_3DMODEL_DIR}/Capacitor_SMD.3dshapes/C_0402_1005Metric.wrl
04-17 09:44:20 com_github_MitjaNemec_Archive3DModels.archive_3d_models 138:Remapping: ${KICAD8_3DMODEL_DIR}/Capacitor_SMD.3dshapes/C_0402_1005Metric.wrl
04-17 09:44:20 com_github_MitjaNemec_Archive3DModels.archive_3d_models 47:Getting 3D models for footprint of: C38
04-17 09:44:20 com_github_MitjaNemec_Archive3DModels.archive_3d_models 58:Trying to copy: ${KICAD8_3DMODEL_DIR}/Capacitor_SMD.3dshapes/C_0402_1005Metric.wrl
04-17 09:44:20 com_github_MitjaNemec_Archive3DModels.archive_3d_models 138:Remapping: ${KICAD8_3DMODEL_DIR}/Capacitor_SMD.3dshapes/C_0402_1005Metric.wrl
04-17 09:44:20 com_github_MitjaNemec_Archive3DModels.archive_3d_models 47:Getting 3D models for footprint of: D2
04-17 09:44:20 com_github_MitjaNemec_Archive3DModels.archive_3d_models 58:Trying to copy: ${KICAD8_3DMODEL_DIR}/LED_SMD.3dshapes/LED_0805_2012Metric.step
04-17 09:44:20 com_github_MitjaNemec_Archive3DModels.archive_3d_models 138:Remapping: ${KICAD8_3DMODEL_DIR}/LED_SMD.3dshapes/LED_0805_2012Metric.step
04-17 09:44:20 com_github_MitjaNemec_Archive3DModels.archive_3d_models 47:Getting 3D models for footprint of: C33
04-17 09:44:20 com_github_MitjaNemec_Archive3DModels.archive_3d_models 58:Trying to copy: ${KICAD8_3DMODEL_DIR}/Capacitor_SMD.3dshapes/C_0402_1005Metric.wrl
04-17 09:44:20 com_github_MitjaNemec_Archive3DModels.archive_3d_models 138:Remapping: ${KICAD8_3DMODEL_DIR}/Capacitor_SMD.3dshapes/C_0402_1005Metric.wrl
04-17 09:44:20 com_github_MitjaNemec_Archive3DModels.archive_3d_models 47:Getting 3D models for footprint of: U4
04-17 09:44:20 com_github_MitjaNemec_Archive3DModels.archive_3d_models 58:Trying to copy: ${KICAD8_3DMODEL_DIR}/Package_DFN_QFN.3dshapes/QFN-56-1EP_7x7mm_P0.4mm_EP3.2x3.2mm.wrl
04-17 09:44:20 com_github_MitjaNemec_Archive3DModels.archive_3d_models 138:Remapping: ${KICAD8_3DMODEL_DIR}/Package_DFN_QFN.3dshapes/QFN-56-1EP_7x7mm_P0.4mm_EP3.2x3.2mm.wrl
04-17 09:44:20 com_github_MitjaNemec_Archive3DModels.archive_3d_models 47:Getting 3D models for footprint of: C37
04-17 09:44:20 com_github_MitjaNemec_Archive3DModels.archive_3d_models 58:Trying to copy: ${KICAD8_3DMODEL_DIR}/Capacitor_SMD.3dshapes/C_0402_1005Metric.wrl
04-17 09:44:20 com_github_MitjaNemec_Archive3DModels.archive_3d_models 138:Remapping: ${KICAD8_3DMODEL_DIR}/Capacitor_SMD.3dshapes/C_0402_1005Metric.wrl
04-17 09:44:20 com_github_MitjaNemec_Archive3DModels.archive_3d_models 47:Getting 3D models for footprint of: R13
04-17 09:44:20 com_github_MitjaNemec_Archive3DModels.archive_3d_models 58:Trying to copy: ${KICAD8_3DMODEL_DIR}/Resistor_SMD.3dshapes/R_0402_1005Metric.wrl
04-17 09:44:20 com_github_MitjaNemec_Archive3DModels.archive_3d_models 138:Remapping: ${KICAD8_3DMODEL_DIR}/Resistor_SMD.3dshapes/R_0402_1005Metric.wrl
04-17 09:44:20 com_github_MitjaNemec_Archive3DModels.archive_3d_models 47:Getting 3D models for footprint of: C44
04-17 09:44:20 com_github_MitjaNemec_Archive3DModels.archive_3d_models 58:Trying to copy: ${KICAD8_3DMODEL_DIR}/Capacitor_SMD.3dshapes/C_0402_1005Metric.wrl
04-17 09:44:20 com_github_MitjaNemec_Archive3DModels.archive_3d_models 138:Remapping: ${KICAD8_3DMODEL_DIR}/Capacitor_SMD.3dshapes/C_0402_1005Metric.wrl
04-17 09:44:20 com_github_MitjaNemec_Archive3DModels.archive_3d_models 47:Getting 3D models for footprint of: C43
04-17 09:44:20 com_github_MitjaNemec_Archive3DModels.archive_3d_models 58:Trying to copy: ${KICAD8_3DMODEL_DIR}/Capacitor_SMD.3dshapes/C_0603_1608Metric.wrl
04-17 09:44:20 com_github_MitjaNemec_Archive3DModels.archive_3d_models 138:Remapping: ${KICAD8_3DMODEL_DIR}/Capacitor_SMD.3dshapes/C_0603_1608Metric.wrl
04-17 09:44:20 com_github_MitjaNemec_Archive3DModels.archive_3d_models 47:Getting 3D models for footprint of: C32
04-17 09:44:20 com_github_MitjaNemec_Archive3DModels.archive_3d_models 58:Trying to copy: ${KICAD8_3DMODEL_DIR}/Capacitor_SMD.3dshapes/C_0402_1005Metric.wrl
04-17 09:44:20 com_github_MitjaNemec_Archive3DModels.archive_3d_models 138:Remapping: ${KICAD8_3DMODEL_DIR}/Capacitor_SMD.3dshapes/C_0402_1005Metric.wrl
04-17 09:44:20 com_github_MitjaNemec_Archive3DModels.archive_3d_models 47:Getting 3D models for footprint of: R18
04-17 09:44:20 com_github_MitjaNemec_Archive3DModels.archive_3d_models 58:Trying to copy: ${KICAD8_3DMODEL_DIR}/Resistor_SMD.3dshapes/R_0402_1005Metric.wrl
04-17 09:44:20 com_github_MitjaNemec_Archive3DModels.archive_3d_models 138:Remapping: ${KICAD8_3DMODEL_DIR}/Resistor_SMD.3dshapes/R_0402_1005Metric.wrl
04-17 09:44:20 com_github_MitjaNemec_Archive3DModels.archive_3d_models 47:Getting 3D models for footprint of: C8
04-17 09:44:20 com_github_MitjaNemec_Archive3DModels.archive_3d_models 58:Trying to copy: ${KICAD8_3DMODEL_DIR}/Capacitor_SMD.3dshapes/C_0402_1005Metric.wrl
04-17 09:44:20 com_github_MitjaNemec_Archive3DModels.archive_3d_models 138:Remapping: ${KICAD8_3DMODEL_DIR}/Capacitor_SMD.3dshapes/C_0402_1005Metric.wrl
04-17 09:44:20 com_github_MitjaNemec_Archive3DModels.archive_3d_models 47:Getting 3D models for footprint of: R21
04-17 09:44:20 com_github_MitjaNemec_Archive3DModels.archive_3d_models 58:Trying to copy: ${KICAD8_3DMODEL_DIR}/Resistor_SMD.3dshapes/R_0402_1005Metric.wrl
04-17 09:44:20 com_github_MitjaNemec_Archive3DModels.archive_3d_models 138:Remapping: ${KICAD8_3DMODEL_DIR}/Resistor_SMD.3dshapes/R_0402_1005Metric.wrl
04-17 09:44:20 com_github_MitjaNemec_Archive3DModels.archive_3d_models 47:Getting 3D models for footprint of: R8
04-17 09:44:20 com_github_MitjaNemec_Archive3DModels.archive_3d_models 58:Trying to copy: ${KICAD8_3DMODEL_DIR}/Resistor_SMD.3dshapes/R_0402_1005Metric.wrl
04-17 09:44:20 com_github_MitjaNemec_Archive3DModels.archive_3d_models 138:Remapping: ${KICAD8_3DMODEL_DIR}/Resistor_SMD.3dshapes/R_0402_1005Metric.wrl
04-17 09:44:20 com_github_MitjaNemec_Archive3DModels.archive_3d_models 47:Getting 3D models for footprint of: D4
04-17 09:44:20 com_github_MitjaNemec_Archive3DModels.archive_3d_models 58:Trying to copy: ${KICAD8_3DMODEL_DIR}/LED_SMD.3dshapes/LED_0805_2012Metric.step
04-17 09:44:20 com_github_MitjaNemec_Archive3DModels.archive_3d_models 138:Remapping: ${KICAD8_3DMODEL_DIR}/LED_SMD.3dshapes/LED_0805_2012Metric.step
04-17 09:44:20 com_github_MitjaNemec_Archive3DModels.archive_3d_models 47:Getting 3D models for footprint of: C1
04-17 09:44:20 com_github_MitjaNemec_Archive3DModels.archive_3d_models 58:Trying to copy: ${KICAD8_3DMODEL_DIR}/Capacitor_SMD.3dshapes/C_0402_1005Metric.wrl
04-17 09:44:20 com_github_MitjaNemec_Archive3DModels.archive_3d_models 138:Remapping: ${KICAD8_3DMODEL_DIR}/Capacitor_SMD.3dshapes/C_0402_1005Metric.wrl
04-17 09:44:20 com_github_MitjaNemec_Archive3DModels.archive_3d_models 47:Getting 3D models for footprint of: R4
04-17 09:44:20 com_github_MitjaNemec_Archive3DModels.archive_3d_models 58:Trying to copy: ${KICAD8_3DMODEL_DIR}/Resistor_SMD.3dshapes/R_0402_1005Metric.wrl
04-17 09:44:20 com_github_MitjaNemec_Archive3DModels.archive_3d_models 138:Remapping: ${KICAD8_3DMODEL_DIR}/Resistor_SMD.3dshapes/R_0402_1005Metric.wrl
04-17 09:44:20 com_github_MitjaNemec_Archive3DModels.archive_3d_models 47:Getting 3D models for footprint of: C40
04-17 09:44:20 com_github_MitjaNemec_Archive3DModels.archive_3d_models 58:Trying to copy: ${KICAD8_3DMODEL_DIR}/Capacitor_SMD.3dshapes/C_0402_1005Metric.wrl
04-17 09:44:20 com_github_MitjaNemec_Archive3DModels.archive_3d_models 138:Remapping: ${KICAD8_3DMODEL_DIR}/Capacitor_SMD.3dshapes/C_0402_1005Metric.wrl
04-17 09:44:20 com_github_MitjaNemec_Archive3DModels.archive_3d_models 47:Getting 3D models for footprint of: C42
04-17 09:44:20 com_github_MitjaNemec_Archive3DModels.archive_3d_models 58:Trying to copy: ${KICAD8_3DMODEL_DIR}/Capacitor_SMD.3dshapes/C_0603_1608Metric.wrl
04-17 09:44:20 com_github_MitjaNemec_Archive3DModels.archive_3d_models 138:Remapping: ${KICAD8_3DMODEL_DIR}/Capacitor_SMD.3dshapes/C_0603_1608Metric.wrl
04-17 09:44:20 com_github_MitjaNemec_Archive3DModels.archive_3d_models 47:Getting 3D models for footprint of: R11
04-17 09:44:20 com_github_MitjaNemec_Archive3DModels.archive_3d_models 58:Trying to copy: ${KICAD8_3DMODEL_DIR}/Resistor_SMD.3dshapes/R_0402_1005Metric.wrl
04-17 09:44:20 com_github_MitjaNemec_Archive3DModels.archive_3d_models 138:Remapping: ${KICAD8_3DMODEL_DIR}/Resistor_SMD.3dshapes/R_0402_1005Metric.wrl
04-17 09:44:20 com_github_MitjaNemec_Archive3DModels.archive_3d_models 47:Getting 3D models for footprint of: JP7
04-17 09:44:20 com_github_MitjaNemec_Archive3DModels.archive_3d_models 47:Getting 3D models for footprint of: C19
04-17 09:44:20 com_github_MitjaNemec_Archive3DModels.archive_3d_models 58:Trying to copy: ${KICAD8_3DMODEL_DIR}/Capacitor_SMD.3dshapes/C_0402_1005Metric.wrl
04-17 09:44:20 com_github_MitjaNemec_Archive3DModels.archive_3d_models 138:Remapping: ${KICAD8_3DMODEL_DIR}/Capacitor_SMD.3dshapes/C_0402_1005Metric.wrl
04-17 09:44:20 com_github_MitjaNemec_Archive3DModels.archive_3d_models 47:Getting 3D models for footprint of: C27
04-17 09:44:20 com_github_MitjaNemec_Archive3DModels.archive_3d_models 58:Trying to copy: ${KICAD8_3DMODEL_DIR}/Capacitor_SMD.3dshapes/C_0402_1005Metric.wrl
04-17 09:44:20 com_github_MitjaNemec_Archive3DModels.archive_3d_models 138:Remapping: ${KICAD8_3DMODEL_DIR}/Capacitor_SMD.3dshapes/C_0402_1005Metric.wrl
04-17 09:44:20 com_github_MitjaNemec_Archive3DModels.archive_3d_models 47:Getting 3D models for footprint of: C39
04-17 09:44:20 com_github_MitjaNemec_Archive3DModels.archive_3d_models 58:Trying to copy: ${KICAD8_3DMODEL_DIR}/Capacitor_SMD.3dshapes/C_0402_1005Metric.wrl
04-17 09:44:20 com_github_MitjaNemec_Archive3DModels.archive_3d_models 138:Remapping: ${KICAD8_3DMODEL_DIR}/Capacitor_SMD.3dshapes/C_0402_1005Metric.wrl
04-17 09:44:20 com_github_MitjaNemec_Archive3DModels.archive_3d_models 47:Getting 3D models for footprint of: G***
04-17 09:44:20 com_github_MitjaNemec_Archive3DModels.archive_3d_models 47:Getting 3D models for footprint of: C29
04-17 09:44:20 com_github_MitjaNemec_Archive3DModels.archive_3d_models 58:Trying to copy: ${KICAD8_3DMODEL_DIR}/Capacitor_SMD.3dshapes/C_0402_1005Metric.wrl
04-17 09:44:20 com_github_MitjaNemec_Archive3DModels.archive_3d_models 138:Remapping: ${KICAD8_3DMODEL_DIR}/Capacitor_SMD.3dshapes/C_0402_1005Metric.wrl
04-17 09:44:20 com_github_MitjaNemec_Archive3DModels.archive_3d_models 47:Getting 3D models for footprint of: C49
04-17 09:44:20 com_github_MitjaNemec_Archive3DModels.archive_3d_models 58:Trying to copy: ${KICAD8_3DMODEL_DIR}/Capacitor_SMD.3dshapes/C_0603_1608Metric.wrl
04-17 09:44:20 com_github_MitjaNemec_Archive3DModels.archive_3d_models 138:Remapping: ${KICAD8_3DMODEL_DIR}/Capacitor_SMD.3dshapes/C_0603_1608Metric.wrl
04-17 09:44:20 com_github_MitjaNemec_Archive3DModels.archive_3d_models 47:Getting 3D models for footprint of: C4
04-17 09:44:20 com_github_MitjaNemec_Archive3DModels.archive_3d_models 58:Trying to copy: ${KICAD8_3DMODEL_DIR}/Capacitor_SMD.3dshapes/C_0402_1005Metric.wrl
04-17 09:44:20 com_github_MitjaNemec_Archive3DModels.archive_3d_models 138:Remapping: ${KICAD8_3DMODEL_DIR}/Capacitor_SMD.3dshapes/C_0402_1005Metric.wrl
04-17 09:44:20 com_github_MitjaNemec_Archive3DModels.archive_3d_models 47:Getting 3D models for footprint of: R3
04-17 09:44:20 com_github_MitjaNemec_Archive3DModels.archive_3d_models 58:Trying to copy: ${KICAD8_3DMODEL_DIR}/Resistor_SMD.3dshapes/R_0402_1005Metric.wrl
04-17 09:44:20 com_github_MitjaNemec_Archive3DModels.archive_3d_models 138:Remapping: ${KICAD8_3DMODEL_DIR}/Resistor_SMD.3dshapes/R_0402_1005Metric.wrl
04-17 09:44:20 com_github_MitjaNemec_Archive3DModels.archive_3d_models 47:Getting 3D models for footprint of: R16
04-17 09:44:20 com_github_MitjaNemec_Archive3DModels.archive_3d_models 58:Trying to copy: ${KICAD8_3DMODEL_DIR}/Resistor_SMD.3dshapes/R_0402_1005Metric.wrl
04-17 09:44:20 com_github_MitjaNemec_Archive3DModels.archive_3d_models 138:Remapping: ${KICAD8_3DMODEL_DIR}/Resistor_SMD.3dshapes/R_0402_1005Metric.wrl
04-17 09:44:20 com_github_MitjaNemec_Archive3DModels.archive_3d_models 47:Getting 3D models for footprint of: L4
04-17 09:44:20 com_github_MitjaNemec_Archive3DModels.archive_3d_models 58:Trying to copy: ${MODEL_3D}/VLCF4020T-2R2N1R7.step
04-17 09:44:20 com_github_MitjaNemec_Archive3DModels.archive_3d_models 138:Remapping: ${MODEL_3D}/VLCF4020T-2R2N1R7.step
04-17 09:44:20 com_github_MitjaNemec_Archive3DModels.archive_3d_models 47:Getting 3D models for footprint of: D3
04-17 09:44:20 com_github_MitjaNemec_Archive3DModels.archive_3d_models 58:Trying to copy: ${KICAD8_3DMODEL_DIR}/LED_SMD.3dshapes/LED_0805_2012Metric.step
04-17 09:44:20 com_github_MitjaNemec_Archive3DModels.archive_3d_models 138:Remapping: ${KICAD8_3DMODEL_DIR}/LED_SMD.3dshapes/LED_0805_2012Metric.step
04-17 09:44:20 com_github_MitjaNemec_Archive3DModels.archive_3d_models 47:Getting 3D models for footprint of: C14
04-17 09:44:20 com_github_MitjaNemec_Archive3DModels.archive_3d_models 58:Trying to copy: ${KICAD8_3DMODEL_DIR}/Capacitor_SMD.3dshapes/C_0402_1005Metric.wrl
04-17 09:44:20 com_github_MitjaNemec_Archive3DModels.archive_3d_models 138:Remapping: ${KICAD8_3DMODEL_DIR}/Capacitor_SMD.3dshapes/C_0402_1005Metric.wrl
04-17 09:44:20 com_github_MitjaNemec_Archive3DModels.archive_3d_models 47:Getting 3D models for footprint of: RN2
04-17 09:44:20 com_github_MitjaNemec_Archive3DModels.archive_3d_models 58:Trying to copy: ${MODEL_3D}/C_ARRAY_EXB28V_PAN.step
04-17 09:44:20 com_github_MitjaNemec_Archive3DModels.archive_3d_models 138:Remapping: ${MODEL_3D}/C_ARRAY_EXB28V_PAN.step
04-17 09:44:20 com_github_MitjaNemec_Archive3DModels.archive_3d_models 47:Getting 3D models for footprint of: JP5
04-17 09:44:20 com_github_MitjaNemec_Archive3DModels.archive_3d_models 47:Getting 3D models for footprint of: C7
04-17 09:44:20 com_github_MitjaNemec_Archive3DModels.archive_3d_models 58:Trying to copy: ${KICAD8_3DMODEL_DIR}/Capacitor_SMD.3dshapes/C_0402_1005Metric.wrl
04-17 09:44:20 com_github_MitjaNemec_Archive3DModels.archive_3d_models 138:Remapping: ${KICAD8_3DMODEL_DIR}/Capacitor_SMD.3dshapes/C_0402_1005Metric.wrl
04-17 09:44:20 com_github_MitjaNemec_Archive3DModels.archive_3d_models 47:Getting 3D models for footprint of: TP1
04-17 09:44:20 com_github_MitjaNemec_Archive3DModels.archive_3d_models 47:Getting 3D models for footprint of: TP6
04-17 09:44:20 com_github_MitjaNemec_Archive3DModels.archive_3d_models 47:Getting 3D models for footprint of: TP4
04-17 09:44:20 com_github_MitjaNemec_Archive3DModels.archive_3d_models 47:Getting 3D models for footprint of: TP12
04-17 09:44:20 com_github_MitjaNemec_Archive3DModels.archive_3d_models 47:Getting 3D models for footprint of: J5
04-17 09:44:20 com_github_MitjaNemec_Archive3DModels.archive_3d_models 58:Trying to copy: ${KICAD8_3DMODEL_DIR}/Connector_PinHeader_1.00mm.3dshapes/PinHeader_2x06_P1.00mm_Vertical_SMD.wrl
04-17 09:44:20 com_github_MitjaNemec_Archive3DModels.archive_3d_models 138:Remapping: ${KICAD8_3DMODEL_DIR}/Connector_PinHeader_1.00mm.3dshapes/PinHeader_2x06_P1.00mm_Vertical_SMD.wrl
04-17 09:44:20 com_github_MitjaNemec_Archive3DModels.archive_3d_models 47:Getting 3D models for footprint of: TP14
04-17 09:44:20 com_github_MitjaNemec_Archive3DModels.archive_3d_models 47:Getting 3D models for footprint of: TP13
04-17 09:44:20 com_github_MitjaNemec_Archive3DModels.archive_3d_models 47:Getting 3D models for footprint of: TP7
04-17 09:44:20 com_github_MitjaNemec_Archive3DModels.archive_3d_models 47:Getting 3D models for footprint of: TP10
04-17 09:44:20 com_github_MitjaNemec_Archive3DModels.archive_3d_models 47:Getting 3D models for footprint of: TP2
04-17 09:44:20 com_github_MitjaNemec_Archive3DModels.archive_3d_models 47:Getting 3D models for footprint of: TP3
04-17 09:44:20 com_github_MitjaNemec_Archive3DModels.archive_3d_models 47:Getting 3D models for footprint of: TP8
04-17 09:44:20 com_github_MitjaNemec_Archive3DModels.archive_3d_models 47:Getting 3D models for footprint of: TP5
04-17 09:44:20 com_github_MitjaNemec_Archive3DModels.archive_3d_models 47:Getting 3D models for footprint of: TP9
04-17 09:44:20 com_github_MitjaNemec_Archive3DModels.archive_3d_models 47:Getting 3D models for footprint of: TP11
04-17 09:44:20 com_github_MitjaNemec_Archive3DModels.archive_3d_models 149:Did not succeed to copy 3D models!
('C28', '${KICAD6_3DMODEL_DIR}\\Capacitor_SMD.3dshapes\\C_0603_1608Metric.wrl')
('R12', '${KICAD6_3DMODEL_DIR}\\Resistor_SMD.3dshapes\\R_0603_1608Metric.wrl')
